<?xml version="1.0" encoding="UTF-8"?>
<!-- Generated by org.testng.reporters.JUnitReportReporter -->
<testsuite hostname="DESKTOP-BI8CR30" failures="0" tests="1" name="com.prima.testng.EleccionFondoTestNG" time="18.028" errors="0" timestamp="12 Apr 2021 07:47:43 GMT">
  <testcase classname="com.prima.testng.EleccionFondoTestNG" name="f" time="18.028"/>
</testsuite> <!-- com.prima.testng.EleccionFondoTestNG -->
