<?xml version="1.0" encoding="UTF-8"?>
<!-- Generated by org.testng.reporters.JUnitReportReporter -->
<testsuite hostname="DESKTOP-BI8CR30" failures="0" tests="1" name="com.prima.testng.MetaMayorDiezMil" time="24.822" errors="0" timestamp="22 Apr 2021 17:25:43 GMT">
  <testcase classname="com.prima.testng.MetaMayorDiezMil" name="MetaMayorDiezMil_MetaViaje_Y_CorreoNuevo" time="24.822"/>
</testsuite> <!-- com.prima.testng.MetaMayorDiezMil -->
