<?xml version="1.0" encoding="UTF-8"?>
<!-- Generated by org.testng.reporters.JUnitReportReporter -->
<testsuite hostname="TERM02" failures="0" tests="2" name="com.prima.casos.PROY1822ESC001" time="46.790" errors="0" timestamp="1 Mar 2022 01:42:45 GMT">
  <testcase classname="com.prima.casos.PROY1822ESC001" name="Cuenta_Metas_Residencia_Fiscal_Peru" time="28.002"/>
  <testcase classname="com.prima.casos.PROY1822ESC001" name="Cuenta_Metas_Residencia_Fiscal_Otros_Paises" time="18.788"/>
</testsuite> <!-- com.prima.casos.PROY1822ESC001 -->
